[0.454s] Invoking command in '/root/dev_ws3/src/urdfsub/build/urdfsub': CMAKE_PREFIX_PATH=${CMAKE_PREFIX_PATH}:/opt/ros/foxy /usr/bin/cmake --build /root/dev_ws3/src/urdfsub/build/urdfsub -- -j12 -l12
[0.491s] Invoked command in '/root/dev_ws3/src/urdfsub/build/urdfsub' returned '0': CMAKE_PREFIX_PATH=${CMAKE_PREFIX_PATH}:/opt/ros/foxy /usr/bin/cmake --build /root/dev_ws3/src/urdfsub/build/urdfsub -- -j12 -l12
[0.522s] Invoking command in '/root/dev_ws3/src/urdfsub/build/urdfsub': CMAKE_PREFIX_PATH=${CMAKE_PREFIX_PATH}:/opt/ros/foxy /usr/bin/cmake --install /root/dev_ws3/src/urdfsub/build/urdfsub
[0.529s] -- Install configuration: ""
[0.530s] -- Execute custom install script
[0.530s] -- Up-to-date symlink: /root/dev_ws3/src/urdfsub/install/urdfsub/share/urdfsub/description/RoboSubInclude.xacro
[0.530s] -- Up-to-date symlink: /root/dev_ws3/src/urdfsub/install/urdfsub/share/urdfsub/description/RoboSubURDF.urdf.xacro
[0.531s] -- Up-to-date symlink: /root/dev_ws3/src/urdfsub/install/urdfsub/share/urdfsub/launch/__pycache__/rsp.launch.cpython-38.pyc
[0.531s] -- Up-to-date symlink: /root/dev_ws3/src/urdfsub/install/urdfsub/share/urdfsub/launch/rsp.launch.py
[0.532s] -- Up-to-date symlink: /root/dev_ws3/src/urdfsub/install/urdfsub/share/ament_index/resource_index/package_run_dependencies/urdfsub
[0.532s] -- Up-to-date symlink: /root/dev_ws3/src/urdfsub/install/urdfsub/share/ament_index/resource_index/parent_prefix_path/urdfsub
[0.533s] -- Up-to-date symlink: /root/dev_ws3/src/urdfsub/install/urdfsub/share/urdfsub/environment/ament_prefix_path.sh
[0.533s] -- Up-to-date symlink: /root/dev_ws3/src/urdfsub/install/urdfsub/share/urdfsub/environment/ament_prefix_path.dsv
[0.534s] -- Up-to-date symlink: /root/dev_ws3/src/urdfsub/install/urdfsub/share/urdfsub/environment/path.sh
[0.534s] -- Up-to-date symlink: /root/dev_ws3/src/urdfsub/install/urdfsub/share/urdfsub/environment/path.dsv
[0.534s] -- Up-to-date symlink: /root/dev_ws3/src/urdfsub/install/urdfsub/share/urdfsub/local_setup.bash
[0.535s] -- Up-to-date symlink: /root/dev_ws3/src/urdfsub/install/urdfsub/share/urdfsub/local_setup.sh
[0.535s] -- Up-to-date symlink: /root/dev_ws3/src/urdfsub/install/urdfsub/share/urdfsub/local_setup.zsh
[0.535s] -- Up-to-date symlink: /root/dev_ws3/src/urdfsub/install/urdfsub/share/urdfsub/local_setup.dsv
[0.536s] -- Symlinking: /root/dev_ws3/src/urdfsub/install/urdfsub/share/urdfsub/package.dsv
[0.544s] -- Up-to-date symlink: /root/dev_ws3/src/urdfsub/install/urdfsub/share/ament_index/resource_index/packages/urdfsub
[0.545s] -- Up-to-date symlink: /root/dev_ws3/src/urdfsub/install/urdfsub/share/urdfsub/cmake/urdfsubConfig.cmake
[0.545s] -- Up-to-date symlink: /root/dev_ws3/src/urdfsub/install/urdfsub/share/urdfsub/cmake/urdfsubConfig-version.cmake
[0.545s] -- Up-to-date symlink: /root/dev_ws3/src/urdfsub/install/urdfsub/share/urdfsub/package.xml
[0.548s] Invoked command in '/root/dev_ws3/src/urdfsub/build/urdfsub' returned '0': CMAKE_PREFIX_PATH=${CMAKE_PREFIX_PATH}:/opt/ros/foxy /usr/bin/cmake --install /root/dev_ws3/src/urdfsub/build/urdfsub
