[3.985s] DEBUG:colcon:Command line arguments: ['/usr/bin/colcon', 'build', '--symlink-install']
[3.985s] DEBUG:colcon:Parsed command line arguments: Namespace(allow_overriding=[], ament_cmake_args=None, base_paths=['.'], build_base='build', catkin_cmake_args=None, catkin_skip_building_tests=False, cmake_args=None, cmake_clean_cache=False, cmake_clean_first=False, cmake_force_configure=False, cmake_target=None, cmake_target_skip_unavailable=False, continue_on_error=False, event_handlers=None, executor='parallel', ignore_user_meta=False, install_base='install', log_base=None, log_level=None, main=<bound method BuildVerb.main of <colcon_core.verb.build.BuildVerb object at 0x7fc012b8ea90>>, merge_install=False, metas=['./colcon.meta'], packages_above=None, packages_above_and_dependencies=None, packages_above_depth=None, packages_end=None, packages_ignore=None, packages_ignore_regex=None, packages_select=None, packages_select_build_failed=False, packages_select_by_dep=None, packages_select_regex=None, packages_select_test_failures=False, packages_skip=None, packages_skip_build_finished=False, packages_skip_by_dep=None, packages_skip_regex=None, packages_skip_test_passed=False, packages_skip_up_to=None, packages_start=None, packages_up_to=None, packages_up_to_regex=None, parallel_workers=12, paths=None, symlink_install=True, test_result_base=None, verb_extension=<colcon_core.verb.build.BuildVerb object at 0x7fc012b8ea90>, verb_name='build', verb_parser=<colcon_defaults.argument_parser.defaults.DefaultArgumentsDecorator object at 0x7fc012851550>)
[4.151s] Level 1:colcon.colcon_core.package_discovery:discover_packages(colcon_meta) check parameters
[4.151s] Level 1:colcon.colcon_core.package_discovery:discover_packages(recursive) check parameters
[4.151s] Level 1:colcon.colcon_core.package_discovery:discover_packages(ignore) check parameters
[4.151s] Level 1:colcon.colcon_core.package_discovery:discover_packages(path) check parameters
[4.151s] Level 1:colcon.colcon_core.package_discovery:discover_packages(colcon_meta) discover
[4.151s] Level 1:colcon.colcon_core.package_discovery:discover_packages(recursive) discover
[4.151s] INFO:colcon.colcon_core.package_discovery:Crawling recursively for packages in '/root/dev_ws3/src/urdfsub'
[4.151s] Level 1:colcon.colcon_core.package_identification:_identify(.) by extensions ['ignore', 'ignore_ament_install']
[4.151s] Level 1:colcon.colcon_core.package_identification:_identify(.) by extension 'ignore'
[4.151s] Level 1:colcon.colcon_core.package_identification:_identify(.) by extension 'ignore_ament_install'
[4.151s] Level 1:colcon.colcon_core.package_identification:_identify(.) by extensions ['colcon_pkg']
[4.151s] Level 1:colcon.colcon_core.package_identification:_identify(.) by extension 'colcon_pkg'
[4.151s] Level 1:colcon.colcon_core.package_identification:_identify(.) by extensions ['colcon_meta']
[4.152s] Level 1:colcon.colcon_core.package_identification:_identify(.) by extension 'colcon_meta'
[4.152s] Level 1:colcon.colcon_core.package_identification:_identify(.) by extensions ['ros']
[4.152s] Level 1:colcon.colcon_core.package_identification:_identify(.) by extension 'ros'
[4.162s] DEBUG:colcon.colcon_core.package_identification:Package '.' with type 'ros.ament_cmake' and name 'urdfsub'
[4.163s] Level 1:colcon.colcon_core.package_discovery:discover_packages(recursive) using defaults
[4.163s] Level 1:colcon.colcon_core.package_discovery:discover_packages(ignore) discover
[4.163s] Level 1:colcon.colcon_core.package_discovery:discover_packages(ignore) using defaults
[4.163s] Level 1:colcon.colcon_core.package_discovery:discover_packages(path) discover
[4.163s] Level 1:colcon.colcon_core.package_discovery:discover_packages(path) using defaults
[4.519s] Level 1:colcon.colcon_core.package_discovery:discover_packages(prefix_path) check parameters
[4.519s] Level 1:colcon.colcon_core.package_discovery:discover_packages(prefix_path) discover
[4.659s] DEBUG:colcon.colcon_installed_package_information.package_discovery:Found 273 installed packages in /opt/ros/foxy
[4.660s] Level 1:colcon.colcon_core.package_discovery:discover_packages(prefix_path) using defaults
[4.873s] Level 5:colcon.colcon_core.verb:set package 'urdfsub' build argument 'cmake_args' from command line to 'None'
[4.873s] Level 5:colcon.colcon_core.verb:set package 'urdfsub' build argument 'cmake_target' from command line to 'None'
[4.873s] Level 5:colcon.colcon_core.verb:set package 'urdfsub' build argument 'cmake_target_skip_unavailable' from command line to 'False'
[4.873s] Level 5:colcon.colcon_core.verb:set package 'urdfsub' build argument 'cmake_clean_cache' from command line to 'False'
[4.873s] Level 5:colcon.colcon_core.verb:set package 'urdfsub' build argument 'cmake_clean_first' from command line to 'False'
[4.873s] Level 5:colcon.colcon_core.verb:set package 'urdfsub' build argument 'cmake_force_configure' from command line to 'False'
[4.873s] Level 5:colcon.colcon_core.verb:set package 'urdfsub' build argument 'ament_cmake_args' from command line to 'None'
[4.873s] Level 5:colcon.colcon_core.verb:set package 'urdfsub' build argument 'catkin_cmake_args' from command line to 'None'
[4.873s] Level 5:colcon.colcon_core.verb:set package 'urdfsub' build argument 'catkin_skip_building_tests' from command line to 'False'
[4.873s] DEBUG:colcon.colcon_core.verb:Building package 'urdfsub' with the following arguments: {'ament_cmake_args': None, 'build_base': '/root/dev_ws3/src/urdfsub/build/urdfsub', 'catkin_cmake_args': None, 'catkin_skip_building_tests': False, 'cmake_args': None, 'cmake_clean_cache': False, 'cmake_clean_first': False, 'cmake_force_configure': False, 'cmake_target': None, 'cmake_target_skip_unavailable': False, 'install_base': '/root/dev_ws3/src/urdfsub/install/urdfsub', 'merge_install': False, 'path': '/root/dev_ws3/src/urdfsub', 'symlink_install': True, 'test_result_base': None}
[4.944s] INFO:colcon.colcon_core.executor:Executing jobs using 'parallel' executor
[5.020s] DEBUG:colcon.colcon_parallel_executor.executor.parallel:run_until_complete
[5.021s] INFO:colcon.colcon_ros.task.ament_cmake.build:Building ROS package in '/root/dev_ws3/src/urdfsub' with build type 'ament_cmake'
[5.021s] INFO:colcon.colcon_cmake.task.cmake.build:Building CMake package in '/root/dev_ws3/src/urdfsub'
[5.092s] INFO:colcon.colcon_core.plugin_system:Skipping extension 'colcon_core.shell.bat': Not used on non-Windows systems
[5.092s] INFO:colcon.colcon_core.shell:Skip shell extension 'powershell' for command environment: Not usable outside of PowerShell
[5.092s] DEBUG:colcon.colcon_core.shell:Skip shell extension 'dsv' for command environment
[5.248s] DEBUG:colcon.colcon_core.event_handler.log_command:Invoking command in '/root/dev_ws3/src/urdfsub/build/urdfsub': CMAKE_PREFIX_PATH=/opt/ros/foxy /usr/bin/cmake --build /root/dev_ws3/src/urdfsub/build/urdfsub -- -j12 -l12
[5.280s] DEBUG:colcon.colcon_core.event_handler.log_command:Invoked command in '/root/dev_ws3/src/urdfsub/build/urdfsub' returned '0': CMAKE_PREFIX_PATH=/opt/ros/foxy /usr/bin/cmake --build /root/dev_ws3/src/urdfsub/build/urdfsub -- -j12 -l12
[5.305s] DEBUG:colcon.colcon_core.event_handler.log_command:Invoking command in '/root/dev_ws3/src/urdfsub/build/urdfsub': CMAKE_PREFIX_PATH=/opt/ros/foxy /usr/bin/cmake --install /root/dev_ws3/src/urdfsub/build/urdfsub
[5.325s] Level 1:colcon.colcon_core.environment:create_environment_scripts_only(urdfsub)
[5.325s] DEBUG:colcon.colcon_core.event_handler.log_command:Invoked command in '/root/dev_ws3/src/urdfsub/build/urdfsub' returned '0': CMAKE_PREFIX_PATH=/opt/ros/foxy /usr/bin/cmake --install /root/dev_ws3/src/urdfsub/build/urdfsub
[5.395s] Level 1:colcon.colcon_core.environment:checking '/root/dev_ws3/src/urdfsub/install/urdfsub' for CMake module files
[5.396s] Level 1:colcon.colcon_core.environment:checking '/root/dev_ws3/src/urdfsub/install/urdfsub' for CMake config files
[5.396s] Level 1:colcon.colcon_core.shell:create_environment_hook('urdfsub', 'cmake_prefix_path')
[5.470s] INFO:colcon.colcon_core.shell:Creating environment hook '/root/dev_ws3/src/urdfsub/install/urdfsub/share/urdfsub/hook/cmake_prefix_path.ps1'
[5.471s] INFO:colcon.colcon_core.shell:Creating environment descriptor '/root/dev_ws3/src/urdfsub/install/urdfsub/share/urdfsub/hook/cmake_prefix_path.dsv'
[5.471s] INFO:colcon.colcon_core.shell:Creating environment hook '/root/dev_ws3/src/urdfsub/install/urdfsub/share/urdfsub/hook/cmake_prefix_path.sh'
[5.472s] Level 1:colcon.colcon_core.environment:checking '/root/dev_ws3/src/urdfsub/install/urdfsub/bin'
[5.472s] Level 1:colcon.colcon_core.environment:checking '/root/dev_ws3/src/urdfsub/install/urdfsub/lib/pkgconfig/urdfsub.pc'
[5.472s] Level 1:colcon.colcon_core.environment:checking '/root/dev_ws3/src/urdfsub/install/urdfsub/lib/python3.8/site-packages'
[5.472s] Level 1:colcon.colcon_core.environment:checking '/root/dev_ws3/src/urdfsub/install/urdfsub/bin'
[5.545s] INFO:colcon.colcon_core.shell:Creating package script '/root/dev_ws3/src/urdfsub/install/urdfsub/share/urdfsub/package.ps1'
[5.546s] INFO:colcon.colcon_core.shell:Creating package descriptor '/root/dev_ws3/src/urdfsub/install/urdfsub/share/urdfsub/package.dsv'
[5.546s] INFO:colcon.colcon_core.shell:Creating package script '/root/dev_ws3/src/urdfsub/install/urdfsub/share/urdfsub/package.sh'
[5.547s] INFO:colcon.colcon_core.shell:Creating package script '/root/dev_ws3/src/urdfsub/install/urdfsub/share/urdfsub/package.bash'
[5.548s] INFO:colcon.colcon_core.shell:Creating package script '/root/dev_ws3/src/urdfsub/install/urdfsub/share/urdfsub/package.zsh'
[5.548s] Level 1:colcon.colcon_core.environment:create_file_with_runtime_dependencies(/root/dev_ws3/src/urdfsub/install/urdfsub/share/colcon-core/packages/urdfsub)
[5.638s] Level 1:colcon.colcon_core.environment:create_environment_scripts_only(urdfsub)
[5.710s] Level 1:colcon.colcon_core.environment:checking '/root/dev_ws3/src/urdfsub/install/urdfsub' for CMake module files
[5.710s] Level 1:colcon.colcon_core.environment:checking '/root/dev_ws3/src/urdfsub/install/urdfsub' for CMake config files
[5.710s] Level 1:colcon.colcon_core.shell:create_environment_hook('urdfsub', 'cmake_prefix_path')
[5.783s] INFO:colcon.colcon_core.shell:Creating environment hook '/root/dev_ws3/src/urdfsub/install/urdfsub/share/urdfsub/hook/cmake_prefix_path.ps1'
[5.784s] INFO:colcon.colcon_core.shell:Creating environment descriptor '/root/dev_ws3/src/urdfsub/install/urdfsub/share/urdfsub/hook/cmake_prefix_path.dsv'
[5.784s] INFO:colcon.colcon_core.shell:Creating environment hook '/root/dev_ws3/src/urdfsub/install/urdfsub/share/urdfsub/hook/cmake_prefix_path.sh'
[5.784s] Level 1:colcon.colcon_core.environment:checking '/root/dev_ws3/src/urdfsub/install/urdfsub/bin'
[5.784s] Level 1:colcon.colcon_core.environment:checking '/root/dev_ws3/src/urdfsub/install/urdfsub/lib/pkgconfig/urdfsub.pc'
[5.784s] Level 1:colcon.colcon_core.environment:checking '/root/dev_ws3/src/urdfsub/install/urdfsub/lib/python3.8/site-packages'
[5.785s] Level 1:colcon.colcon_core.environment:checking '/root/dev_ws3/src/urdfsub/install/urdfsub/bin'
[5.855s] INFO:colcon.colcon_core.shell:Creating package script '/root/dev_ws3/src/urdfsub/install/urdfsub/share/urdfsub/package.ps1'
[5.856s] INFO:colcon.colcon_core.shell:Creating package descriptor '/root/dev_ws3/src/urdfsub/install/urdfsub/share/urdfsub/package.dsv'
[5.856s] INFO:colcon.colcon_core.shell:Creating package script '/root/dev_ws3/src/urdfsub/install/urdfsub/share/urdfsub/package.sh'
[5.857s] INFO:colcon.colcon_core.shell:Creating package script '/root/dev_ws3/src/urdfsub/install/urdfsub/share/urdfsub/package.bash'
[5.857s] INFO:colcon.colcon_core.shell:Creating package script '/root/dev_ws3/src/urdfsub/install/urdfsub/share/urdfsub/package.zsh'
[5.858s] Level 1:colcon.colcon_core.environment:create_file_with_runtime_dependencies(/root/dev_ws3/src/urdfsub/install/urdfsub/share/colcon-core/packages/urdfsub)
[5.858s] DEBUG:colcon.colcon_parallel_executor.executor.parallel:closing loop
[5.859s] DEBUG:colcon.colcon_parallel_executor.executor.parallel:loop closed
[5.859s] DEBUG:colcon.colcon_parallel_executor.executor.parallel:run_until_complete finished with '0'
[5.859s] DEBUG:colcon.colcon_core.event_reactor:joining thread
[5.933s] INFO:colcon.colcon_core.plugin_system:Skipping extension 'colcon_notification.desktop_notification.terminal_notifier': Not used on non-Darwin systems
[5.933s] INFO:colcon.colcon_core.plugin_system:Skipping extension 'colcon_notification.desktop_notification.win32': Not used on non-Windows systems
[5.933s] INFO:colcon.colcon_notification.desktop_notification:Sending desktop notification using 'notify2'
[41.032s] DEBUG:colcon.colcon_notification.desktop_notification.notify2:Failed to initialize notify2: org.freedesktop.DBus.Error.Spawn.ExecFailed: /usr/bin/dbus-launch terminated abnormally without any error message
