[0.390s] Invoking command in '/root/dev_ws3/src/urdfsub/build/urdfsub': CMAKE_PREFIX_PATH=${CMAKE_PREFIX_PATH}:/opt/ros/foxy /usr/bin/cmake /root/dev_ws3/src/urdfsub -DAMENT_CMAKE_SYMLINK_INSTALL=1 -DCMAKE_INSTALL_PREFIX=/root/dev_ws3/src/urdfsub/install/urdfsub
[0.676s] -- The C compiler identification is GNU 9.4.0
[1.051s] -- The CXX compiler identification is GNU 9.4.0
[1.215s] -- Check for working C compiler: /usr/bin/cc
[1.361s] -- Check for working C compiler: /usr/bin/cc -- works
[1.365s] -- Detecting C compiler ABI info
[1.513s] -- Detecting C compiler ABI info - done
[1.528s] -- Detecting C compile features
[1.529s] -- Detecting C compile features - done
[1.532s] -- Check for working CXX compiler: /usr/bin/c++
[1.694s] -- Check for working CXX compiler: /usr/bin/c++ -- works
[1.695s] -- Detecting CXX compiler ABI info
[1.867s] -- Detecting CXX compiler ABI info - done
[1.880s] -- Detecting CXX compile features
[1.881s] -- Detecting CXX compile features - done
[1.894s] -- Found ament_cmake: 0.9.12 (/opt/ros/foxy/share/ament_cmake/cmake)
[1.922s] -- Found PythonInterp: /usr/bin/python3 (found suitable version "3.8.10", minimum required is "3") 
[1.922s] -- Using PYTHON_EXECUTABLE: /usr/bin/python3
[2.108s] -- Override CMake install command with custom implementation using symlinks instead of copying resources
[2.153s] -- Found ament_lint_auto: 0.9.8 (/opt/ros/foxy/share/ament_lint_auto/cmake)
[2.247s] -- Added test 'copyright' to check source files copyright and LICENSE
[2.254s] -- Added test 'cppcheck' to perform static code analysis on C / C++ code
[2.254s] -- Configured cppcheck include dirs: 
[2.254s] -- Configured cppcheck exclude dirs and/or files: 
[2.259s] -- Added test 'cpplint' to check C / C++ code against the Google style
[2.259s] -- Configured cpplint exclude dirs and/or files: 
[2.261s] -- Added test 'flake8' to check Python code syntax and style conventions
[2.264s] -- Added test 'lint_cmake' to check CMake code style
[2.266s] -- Added test 'pep257' to check Python code against some of the style conventions in PEP 257
[2.272s] -- Added test 'uncrustify' to check C / C++ code style
[2.272s] -- Configured uncrustify additional arguments: 
[2.274s] -- Added test 'xmllint' to check XML markup files
[2.278s] -- Configuring done
[2.281s] -- Generating done
[2.282s] -- Build files have been written to: /root/dev_ws3/src/urdfsub/build/urdfsub
[2.287s] Invoked command in '/root/dev_ws3/src/urdfsub/build/urdfsub' returned '0': CMAKE_PREFIX_PATH=${CMAKE_PREFIX_PATH}:/opt/ros/foxy /usr/bin/cmake /root/dev_ws3/src/urdfsub -DAMENT_CMAKE_SYMLINK_INSTALL=1 -DCMAKE_INSTALL_PREFIX=/root/dev_ws3/src/urdfsub/install/urdfsub
[2.292s] Invoking command in '/root/dev_ws3/src/urdfsub/build/urdfsub': CMAKE_PREFIX_PATH=${CMAKE_PREFIX_PATH}:/opt/ros/foxy /usr/bin/cmake --build /root/dev_ws3/src/urdfsub/build/urdfsub -- -j12 -l12
[2.325s] Invoked command in '/root/dev_ws3/src/urdfsub/build/urdfsub' returned '0': CMAKE_PREFIX_PATH=${CMAKE_PREFIX_PATH}:/opt/ros/foxy /usr/bin/cmake --build /root/dev_ws3/src/urdfsub/build/urdfsub -- -j12 -l12
[2.356s] Invoking command in '/root/dev_ws3/src/urdfsub/build/urdfsub': CMAKE_PREFIX_PATH=${CMAKE_PREFIX_PATH}:/opt/ros/foxy /usr/bin/cmake --install /root/dev_ws3/src/urdfsub/build/urdfsub
[2.363s] -- Install configuration: ""
[2.363s] -- Execute custom install script
[2.364s] -- Symlinking: /root/dev_ws3/src/urdfsub/install/urdfsub/share/urdfsub/description/RoboSubInclude.xacro
[2.372s] -- Symlinking: /root/dev_ws3/src/urdfsub/install/urdfsub/share/urdfsub/description/RoboSubURDF.urdf.xacro
[2.380s] -- Symlinking: /root/dev_ws3/src/urdfsub/install/urdfsub/share/urdfsub/launch/__pycache__/rsp.launch.cpython-38.pyc
[2.388s] -- Symlinking: /root/dev_ws3/src/urdfsub/install/urdfsub/share/urdfsub/launch/rsp.launch.py
[2.398s] -- Symlinking: /root/dev_ws3/src/urdfsub/install/urdfsub/share/ament_index/resource_index/package_run_dependencies/urdfsub
[2.407s] -- Symlinking: /root/dev_ws3/src/urdfsub/install/urdfsub/share/ament_index/resource_index/parent_prefix_path/urdfsub
[2.416s] -- Symlinking: /root/dev_ws3/src/urdfsub/install/urdfsub/share/urdfsub/environment/ament_prefix_path.sh
[2.425s] -- Symlinking: /root/dev_ws3/src/urdfsub/install/urdfsub/share/urdfsub/environment/ament_prefix_path.dsv
[2.433s] -- Symlinking: /root/dev_ws3/src/urdfsub/install/urdfsub/share/urdfsub/environment/path.sh
[2.442s] -- Symlinking: /root/dev_ws3/src/urdfsub/install/urdfsub/share/urdfsub/environment/path.dsv
[2.451s] -- Symlinking: /root/dev_ws3/src/urdfsub/install/urdfsub/share/urdfsub/local_setup.bash
[2.459s] -- Symlinking: /root/dev_ws3/src/urdfsub/install/urdfsub/share/urdfsub/local_setup.sh
[2.468s] -- Symlinking: /root/dev_ws3/src/urdfsub/install/urdfsub/share/urdfsub/local_setup.zsh
[2.476s] -- Symlinking: /root/dev_ws3/src/urdfsub/install/urdfsub/share/urdfsub/local_setup.dsv
[2.485s] -- Symlinking: /root/dev_ws3/src/urdfsub/install/urdfsub/share/urdfsub/package.dsv
[2.494s] -- Symlinking: /root/dev_ws3/src/urdfsub/install/urdfsub/share/ament_index/resource_index/packages/urdfsub
[2.504s] -- Symlinking: /root/dev_ws3/src/urdfsub/install/urdfsub/share/urdfsub/cmake/urdfsubConfig.cmake
[2.512s] -- Symlinking: /root/dev_ws3/src/urdfsub/install/urdfsub/share/urdfsub/cmake/urdfsubConfig-version.cmake
[2.522s] -- Symlinking: /root/dev_ws3/src/urdfsub/install/urdfsub/share/urdfsub/package.xml
[2.532s] Invoked command in '/root/dev_ws3/src/urdfsub/build/urdfsub' returned '0': CMAKE_PREFIX_PATH=${CMAKE_PREFIX_PATH}:/opt/ros/foxy /usr/bin/cmake --install /root/dev_ws3/src/urdfsub/build/urdfsub
