[7.248s] DEBUG:colcon:Command line arguments: ['/usr/bin/colcon', 'build', '--symlink-install']
[7.249s] DEBUG:colcon:Parsed command line arguments: Namespace(allow_overriding=[], ament_cmake_args=None, base_paths=['.'], build_base='build', catkin_cmake_args=None, catkin_skip_building_tests=False, cmake_args=None, cmake_clean_cache=False, cmake_clean_first=False, cmake_force_configure=False, cmake_target=None, cmake_target_skip_unavailable=False, continue_on_error=False, event_handlers=None, executor='parallel', ignore_user_meta=False, install_base='install', log_base=None, log_level=None, main=<bound method BuildVerb.main of <colcon_core.verb.build.BuildVerb object at 0x7fee997a1430>>, merge_install=False, metas=['./colcon.meta'], packages_above=None, packages_above_and_dependencies=None, packages_above_depth=None, packages_end=None, packages_ignore=None, packages_ignore_regex=None, packages_select=None, packages_select_build_failed=False, packages_select_by_dep=None, packages_select_regex=None, packages_select_test_failures=False, packages_skip=None, packages_skip_build_finished=False, packages_skip_by_dep=None, packages_skip_regex=None, packages_skip_test_passed=False, packages_skip_up_to=None, packages_start=None, packages_up_to=None, packages_up_to_regex=None, parallel_workers=12, paths=None, symlink_install=True, test_result_base=None, verb_extension=<colcon_core.verb.build.BuildVerb object at 0x7fee997a1430>, verb_name='build', verb_parser=<colcon_defaults.argument_parser.defaults.DefaultArgumentsDecorator object at 0x7fee9956c9a0>)
[7.544s] Level 1:colcon.colcon_core.package_discovery:discover_packages(colcon_meta) check parameters
[7.545s] Level 1:colcon.colcon_core.package_discovery:discover_packages(recursive) check parameters
[7.545s] Level 1:colcon.colcon_core.package_discovery:discover_packages(ignore) check parameters
[7.545s] Level 1:colcon.colcon_core.package_discovery:discover_packages(path) check parameters
[7.545s] Level 1:colcon.colcon_core.package_discovery:discover_packages(colcon_meta) discover
[7.545s] Level 1:colcon.colcon_core.package_discovery:discover_packages(recursive) discover
[7.545s] INFO:colcon.colcon_core.package_discovery:Crawling recursively for packages in '/root/dev_ws3/src/urdfsub'
[7.545s] Level 1:colcon.colcon_core.package_identification:_identify(.) by extensions ['ignore', 'ignore_ament_install']
[7.545s] Level 1:colcon.colcon_core.package_identification:_identify(.) by extension 'ignore'
[7.545s] Level 1:colcon.colcon_core.package_identification:_identify(.) by extension 'ignore_ament_install'
[7.545s] Level 1:colcon.colcon_core.package_identification:_identify(.) by extensions ['colcon_pkg']
[7.545s] Level 1:colcon.colcon_core.package_identification:_identify(.) by extension 'colcon_pkg'
[7.545s] Level 1:colcon.colcon_core.package_identification:_identify(.) by extensions ['colcon_meta']
[7.545s] Level 1:colcon.colcon_core.package_identification:_identify(.) by extension 'colcon_meta'
[7.546s] Level 1:colcon.colcon_core.package_identification:_identify(.) by extensions ['ros']
[7.546s] Level 1:colcon.colcon_core.package_identification:_identify(.) by extension 'ros'
[7.563s] DEBUG:colcon.colcon_core.package_identification:Package '.' with type 'ros.ament_cmake' and name 'urdfsub'
[7.563s] Level 1:colcon.colcon_core.package_discovery:discover_packages(recursive) using defaults
[7.563s] Level 1:colcon.colcon_core.package_discovery:discover_packages(ignore) discover
[7.563s] Level 1:colcon.colcon_core.package_discovery:discover_packages(ignore) using defaults
[7.563s] Level 1:colcon.colcon_core.package_discovery:discover_packages(path) discover
[7.563s] Level 1:colcon.colcon_core.package_discovery:discover_packages(path) using defaults
[8.287s] Level 1:colcon.colcon_core.package_discovery:discover_packages(prefix_path) check parameters
[8.287s] Level 1:colcon.colcon_core.package_discovery:discover_packages(prefix_path) discover
[8.555s] DEBUG:colcon.colcon_installed_package_information.package_discovery:Found 2 installed packages in /root/dev_ws3/install
[8.708s] DEBUG:colcon.colcon_installed_package_information.package_discovery:Found 273 installed packages in /opt/ros/foxy
[8.710s] Level 1:colcon.colcon_core.package_discovery:discover_packages(prefix_path) using defaults
[9.111s] Level 5:colcon.colcon_core.verb:set package 'urdfsub' build argument 'cmake_args' from command line to 'None'
[9.112s] Level 5:colcon.colcon_core.verb:set package 'urdfsub' build argument 'cmake_target' from command line to 'None'
[9.112s] Level 5:colcon.colcon_core.verb:set package 'urdfsub' build argument 'cmake_target_skip_unavailable' from command line to 'False'
[9.112s] Level 5:colcon.colcon_core.verb:set package 'urdfsub' build argument 'cmake_clean_cache' from command line to 'False'
[9.112s] Level 5:colcon.colcon_core.verb:set package 'urdfsub' build argument 'cmake_clean_first' from command line to 'False'
[9.112s] Level 5:colcon.colcon_core.verb:set package 'urdfsub' build argument 'cmake_force_configure' from command line to 'False'
[9.112s] Level 5:colcon.colcon_core.verb:set package 'urdfsub' build argument 'ament_cmake_args' from command line to 'None'
[9.112s] Level 5:colcon.colcon_core.verb:set package 'urdfsub' build argument 'catkin_cmake_args' from command line to 'None'
[9.112s] Level 5:colcon.colcon_core.verb:set package 'urdfsub' build argument 'catkin_skip_building_tests' from command line to 'False'
[9.112s] DEBUG:colcon.colcon_core.verb:Building package 'urdfsub' with the following arguments: {'ament_cmake_args': None, 'build_base': '/root/dev_ws3/src/urdfsub/build/urdfsub', 'catkin_cmake_args': None, 'catkin_skip_building_tests': False, 'cmake_args': None, 'cmake_clean_cache': False, 'cmake_clean_first': False, 'cmake_force_configure': False, 'cmake_target': None, 'cmake_target_skip_unavailable': False, 'install_base': '/root/dev_ws3/src/urdfsub/install/urdfsub', 'merge_install': False, 'path': '/root/dev_ws3/src/urdfsub', 'symlink_install': True, 'test_result_base': None}
[9.234s] INFO:colcon.colcon_core.executor:Executing jobs using 'parallel' executor
[9.364s] DEBUG:colcon.colcon_parallel_executor.executor.parallel:run_until_complete
[9.364s] INFO:colcon.colcon_ros.task.ament_cmake.build:Building ROS package in '/root/dev_ws3/src/urdfsub' with build type 'ament_cmake'
[9.364s] INFO:colcon.colcon_cmake.task.cmake.build:Building CMake package in '/root/dev_ws3/src/urdfsub'
[9.469s] INFO:colcon.colcon_core.plugin_system:Skipping extension 'colcon_core.shell.bat': Not used on non-Windows systems
[9.469s] INFO:colcon.colcon_core.shell:Skip shell extension 'powershell' for command environment: Not usable outside of PowerShell
[9.469s] DEBUG:colcon.colcon_core.shell:Skip shell extension 'dsv' for command environment
[9.756s] DEBUG:colcon.colcon_core.event_handler.log_command:Invoking command in '/root/dev_ws3/src/urdfsub/build/urdfsub': CMAKE_PREFIX_PATH=${CMAKE_PREFIX_PATH}:/opt/ros/foxy /usr/bin/cmake /root/dev_ws3/src/urdfsub -DAMENT_CMAKE_SYMLINK_INSTALL=1 -DCMAKE_INSTALL_PREFIX=/root/dev_ws3/src/urdfsub/install/urdfsub
[11.654s] DEBUG:colcon.colcon_core.event_handler.log_command:Invoked command in '/root/dev_ws3/src/urdfsub/build/urdfsub' returned '0': CMAKE_PREFIX_PATH=${CMAKE_PREFIX_PATH}:/opt/ros/foxy /usr/bin/cmake /root/dev_ws3/src/urdfsub -DAMENT_CMAKE_SYMLINK_INSTALL=1 -DCMAKE_INSTALL_PREFIX=/root/dev_ws3/src/urdfsub/install/urdfsub
[11.657s] DEBUG:colcon.colcon_core.event_handler.log_command:Invoking command in '/root/dev_ws3/src/urdfsub/build/urdfsub': CMAKE_PREFIX_PATH=${CMAKE_PREFIX_PATH}:/opt/ros/foxy /usr/bin/cmake --build /root/dev_ws3/src/urdfsub/build/urdfsub -- -j12 -l12
[11.689s] DEBUG:colcon.colcon_core.event_handler.log_command:Invoked command in '/root/dev_ws3/src/urdfsub/build/urdfsub' returned '0': CMAKE_PREFIX_PATH=${CMAKE_PREFIX_PATH}:/opt/ros/foxy /usr/bin/cmake --build /root/dev_ws3/src/urdfsub/build/urdfsub -- -j12 -l12
[11.721s] DEBUG:colcon.colcon_core.event_handler.log_command:Invoking command in '/root/dev_ws3/src/urdfsub/build/urdfsub': CMAKE_PREFIX_PATH=${CMAKE_PREFIX_PATH}:/opt/ros/foxy /usr/bin/cmake --install /root/dev_ws3/src/urdfsub/build/urdfsub
[11.896s] Level 1:colcon.colcon_core.environment:create_environment_scripts_only(urdfsub)
[11.897s] DEBUG:colcon.colcon_core.event_handler.log_command:Invoked command in '/root/dev_ws3/src/urdfsub/build/urdfsub' returned '0': CMAKE_PREFIX_PATH=${CMAKE_PREFIX_PATH}:/opt/ros/foxy /usr/bin/cmake --install /root/dev_ws3/src/urdfsub/build/urdfsub
[11.993s] Level 1:colcon.colcon_core.environment:checking '/root/dev_ws3/src/urdfsub/install/urdfsub' for CMake module files
[11.994s] Level 1:colcon.colcon_core.environment:checking '/root/dev_ws3/src/urdfsub/install/urdfsub' for CMake config files
[11.994s] Level 1:colcon.colcon_core.shell:create_environment_hook('urdfsub', 'cmake_prefix_path')
[12.097s] INFO:colcon.colcon_core.shell:Creating environment hook '/root/dev_ws3/src/urdfsub/install/urdfsub/share/urdfsub/hook/cmake_prefix_path.ps1'
[12.098s] INFO:colcon.colcon_core.shell:Creating environment descriptor '/root/dev_ws3/src/urdfsub/install/urdfsub/share/urdfsub/hook/cmake_prefix_path.dsv'
[12.099s] INFO:colcon.colcon_core.shell:Creating environment hook '/root/dev_ws3/src/urdfsub/install/urdfsub/share/urdfsub/hook/cmake_prefix_path.sh'
[12.100s] Level 1:colcon.colcon_core.environment:checking '/root/dev_ws3/src/urdfsub/install/urdfsub/bin'
[12.100s] Level 1:colcon.colcon_core.environment:checking '/root/dev_ws3/src/urdfsub/install/urdfsub/lib/pkgconfig/urdfsub.pc'
[12.100s] Level 1:colcon.colcon_core.environment:checking '/root/dev_ws3/src/urdfsub/install/urdfsub/lib/python3.8/site-packages'
[12.100s] Level 1:colcon.colcon_core.environment:checking '/root/dev_ws3/src/urdfsub/install/urdfsub/bin'
[12.202s] INFO:colcon.colcon_core.shell:Creating package script '/root/dev_ws3/src/urdfsub/install/urdfsub/share/urdfsub/package.ps1'
[12.203s] INFO:colcon.colcon_core.shell:Creating package descriptor '/root/dev_ws3/src/urdfsub/install/urdfsub/share/urdfsub/package.dsv'
[12.203s] INFO:colcon.colcon_core.shell:Creating package script '/root/dev_ws3/src/urdfsub/install/urdfsub/share/urdfsub/package.sh'
[12.204s] INFO:colcon.colcon_core.shell:Creating package script '/root/dev_ws3/src/urdfsub/install/urdfsub/share/urdfsub/package.bash'
[12.205s] INFO:colcon.colcon_core.shell:Creating package script '/root/dev_ws3/src/urdfsub/install/urdfsub/share/urdfsub/package.zsh'
[12.206s] Level 1:colcon.colcon_core.environment:create_file_with_runtime_dependencies(/root/dev_ws3/src/urdfsub/install/urdfsub/share/colcon-core/packages/urdfsub)
[12.331s] Level 1:colcon.colcon_core.environment:create_environment_scripts_only(urdfsub)
[12.434s] Level 1:colcon.colcon_core.environment:checking '/root/dev_ws3/src/urdfsub/install/urdfsub' for CMake module files
[12.434s] Level 1:colcon.colcon_core.environment:checking '/root/dev_ws3/src/urdfsub/install/urdfsub' for CMake config files
[12.434s] Level 1:colcon.colcon_core.shell:create_environment_hook('urdfsub', 'cmake_prefix_path')
[12.538s] INFO:colcon.colcon_core.shell:Creating environment hook '/root/dev_ws3/src/urdfsub/install/urdfsub/share/urdfsub/hook/cmake_prefix_path.ps1'
[12.538s] INFO:colcon.colcon_core.shell:Creating environment descriptor '/root/dev_ws3/src/urdfsub/install/urdfsub/share/urdfsub/hook/cmake_prefix_path.dsv'
[12.539s] INFO:colcon.colcon_core.shell:Creating environment hook '/root/dev_ws3/src/urdfsub/install/urdfsub/share/urdfsub/hook/cmake_prefix_path.sh'
[12.540s] Level 1:colcon.colcon_core.environment:checking '/root/dev_ws3/src/urdfsub/install/urdfsub/bin'
[12.540s] Level 1:colcon.colcon_core.environment:checking '/root/dev_ws3/src/urdfsub/install/urdfsub/lib/pkgconfig/urdfsub.pc'
[12.540s] Level 1:colcon.colcon_core.environment:checking '/root/dev_ws3/src/urdfsub/install/urdfsub/lib/python3.8/site-packages'
[12.541s] Level 1:colcon.colcon_core.environment:checking '/root/dev_ws3/src/urdfsub/install/urdfsub/bin'
[12.673s] INFO:colcon.colcon_core.shell:Creating package script '/root/dev_ws3/src/urdfsub/install/urdfsub/share/urdfsub/package.ps1'
[12.674s] INFO:colcon.colcon_core.shell:Creating package descriptor '/root/dev_ws3/src/urdfsub/install/urdfsub/share/urdfsub/package.dsv'
[12.675s] INFO:colcon.colcon_core.shell:Creating package script '/root/dev_ws3/src/urdfsub/install/urdfsub/share/urdfsub/package.sh'
[12.676s] INFO:colcon.colcon_core.shell:Creating package script '/root/dev_ws3/src/urdfsub/install/urdfsub/share/urdfsub/package.bash'
[12.677s] INFO:colcon.colcon_core.shell:Creating package script '/root/dev_ws3/src/urdfsub/install/urdfsub/share/urdfsub/package.zsh'
[12.678s] Level 1:colcon.colcon_core.environment:create_file_with_runtime_dependencies(/root/dev_ws3/src/urdfsub/install/urdfsub/share/colcon-core/packages/urdfsub)
[12.679s] DEBUG:colcon.colcon_parallel_executor.executor.parallel:closing loop
[12.679s] DEBUG:colcon.colcon_parallel_executor.executor.parallel:loop closed
[12.680s] DEBUG:colcon.colcon_parallel_executor.executor.parallel:run_until_complete finished with '0'
[12.680s] DEBUG:colcon.colcon_core.event_reactor:joining thread
[12.793s] INFO:colcon.colcon_core.plugin_system:Skipping extension 'colcon_notification.desktop_notification.terminal_notifier': Not used on non-Darwin systems
[12.793s] INFO:colcon.colcon_core.plugin_system:Skipping extension 'colcon_notification.desktop_notification.win32': Not used on non-Windows systems
[12.793s] INFO:colcon.colcon_notification.desktop_notification:Sending desktop notification using 'notify2'
[12.834s] DEBUG:colcon.colcon_core.event_reactor:joined thread
[12.937s] INFO:colcon.colcon_core.shell:Creating prefix script '/root/dev_ws3/src/urdfsub/install/local_setup.ps1'
[12.938s] INFO:colcon.colcon_core.shell:Creating prefix util module '/root/dev_ws3/src/urdfsub/install/_local_setup_util_ps1.py'
[12.939s] INFO:colcon.colcon_core.shell:Creating prefix chain script '/root/dev_ws3/src/urdfsub/install/setup.ps1'
[13.040s] INFO:colcon.colcon_core.shell:Creating prefix script '/root/dev_ws3/src/urdfsub/install/local_setup.sh'
[13.040s] INFO:colcon.colcon_core.shell:Creating prefix util module '/root/dev_ws3/src/urdfsub/install/_local_setup_util_sh.py'
[13.041s] INFO:colcon.colcon_core.shell:Creating prefix chain script '/root/dev_ws3/src/urdfsub/install/setup.sh'
[13.139s] INFO:colcon.colcon_core.shell:Creating prefix script '/root/dev_ws3/src/urdfsub/install/local_setup.bash'
[13.140s] INFO:colcon.colcon_core.shell:Creating prefix chain script '/root/dev_ws3/src/urdfsub/install/setup.bash'
[13.251s] INFO:colcon.colcon_core.shell:Creating prefix script '/root/dev_ws3/src/urdfsub/install/local_setup.zsh'
[13.251s] INFO:colcon.colcon_core.shell:Creating prefix chain script '/root/dev_ws3/src/urdfsub/install/setup.zsh'
