[7.905s] DEBUG:colcon:Command line arguments: ['/usr/bin/colcon', 'build', '--symlink-install']
[7.905s] DEBUG:colcon:Parsed command line arguments: Namespace(allow_overriding=[], ament_cmake_args=None, base_paths=['.'], build_base='build', catkin_cmake_args=None, catkin_skip_building_tests=False, cmake_args=None, cmake_clean_cache=False, cmake_clean_first=False, cmake_force_configure=False, cmake_target=None, cmake_target_skip_unavailable=False, continue_on_error=False, event_handlers=None, executor='parallel', ignore_user_meta=False, install_base='install', log_base=None, log_level=None, main=<bound method BuildVerb.main of <colcon_core.verb.build.BuildVerb object at 0x7f238deb2430>>, merge_install=False, metas=['./colcon.meta'], packages_above=None, packages_above_and_dependencies=None, packages_above_depth=None, packages_end=None, packages_ignore=None, packages_ignore_regex=None, packages_select=None, packages_select_build_failed=False, packages_select_by_dep=None, packages_select_regex=None, packages_select_test_failures=False, packages_skip=None, packages_skip_build_finished=False, packages_skip_by_dep=None, packages_skip_regex=None, packages_skip_test_passed=False, packages_skip_up_to=None, packages_start=None, packages_up_to=None, packages_up_to_regex=None, parallel_workers=12, paths=None, symlink_install=True, test_result_base=None, verb_extension=<colcon_core.verb.build.BuildVerb object at 0x7f238deb2430>, verb_name='build', verb_parser=<colcon_defaults.argument_parser.defaults.DefaultArgumentsDecorator object at 0x7f238dc7d9a0>)
[8.205s] Level 1:colcon.colcon_core.package_discovery:discover_packages(colcon_meta) check parameters
[8.205s] Level 1:colcon.colcon_core.package_discovery:discover_packages(recursive) check parameters
[8.205s] Level 1:colcon.colcon_core.package_discovery:discover_packages(ignore) check parameters
[8.205s] Level 1:colcon.colcon_core.package_discovery:discover_packages(path) check parameters
[8.205s] Level 1:colcon.colcon_core.package_discovery:discover_packages(colcon_meta) discover
[8.205s] Level 1:colcon.colcon_core.package_discovery:discover_packages(recursive) discover
[8.205s] INFO:colcon.colcon_core.package_discovery:Crawling recursively for packages in '/root/dev_ws3/src/urdfsub'
[8.205s] Level 1:colcon.colcon_core.package_identification:_identify(.) by extensions ['ignore', 'ignore_ament_install']
[8.205s] Level 1:colcon.colcon_core.package_identification:_identify(.) by extension 'ignore'
[8.205s] Level 1:colcon.colcon_core.package_identification:_identify(.) by extension 'ignore_ament_install'
[8.206s] Level 1:colcon.colcon_core.package_identification:_identify(.) by extensions ['colcon_pkg']
[8.206s] Level 1:colcon.colcon_core.package_identification:_identify(.) by extension 'colcon_pkg'
[8.206s] Level 1:colcon.colcon_core.package_identification:_identify(.) by extensions ['colcon_meta']
[8.206s] Level 1:colcon.colcon_core.package_identification:_identify(.) by extension 'colcon_meta'
[8.206s] Level 1:colcon.colcon_core.package_identification:_identify(.) by extensions ['ros']
[8.206s] Level 1:colcon.colcon_core.package_identification:_identify(.) by extension 'ros'
[8.223s] DEBUG:colcon.colcon_core.package_identification:Package '.' with type 'ros.ament_cmake' and name 'urdfsub'
[8.223s] Level 1:colcon.colcon_core.package_discovery:discover_packages(recursive) using defaults
[8.223s] Level 1:colcon.colcon_core.package_discovery:discover_packages(ignore) discover
[8.223s] Level 1:colcon.colcon_core.package_discovery:discover_packages(ignore) using defaults
[8.223s] Level 1:colcon.colcon_core.package_discovery:discover_packages(path) discover
[8.223s] Level 1:colcon.colcon_core.package_discovery:discover_packages(path) using defaults
[8.924s] Level 1:colcon.colcon_core.package_discovery:discover_packages(prefix_path) check parameters
[8.925s] Level 1:colcon.colcon_core.package_discovery:discover_packages(prefix_path) discover
[9.129s] DEBUG:colcon.colcon_installed_package_information.package_discovery:Found 1 installed packages in /root/dev_ws3/src/urdfsub/install
[9.218s] DEBUG:colcon.colcon_installed_package_information.package_discovery:Found 2 installed packages in /root/dev_ws3/install
[9.317s] DEBUG:colcon.colcon_installed_package_information.package_discovery:Found 273 installed packages in /opt/ros/foxy
[9.319s] Level 1:colcon.colcon_core.package_discovery:discover_packages(prefix_path) using defaults
[9.573s] Level 5:colcon.colcon_core.verb:set package 'urdfsub' build argument 'cmake_args' from command line to 'None'
[9.574s] Level 5:colcon.colcon_core.verb:set package 'urdfsub' build argument 'cmake_target' from command line to 'None'
[9.574s] Level 5:colcon.colcon_core.verb:set package 'urdfsub' build argument 'cmake_target_skip_unavailable' from command line to 'False'
[9.574s] Level 5:colcon.colcon_core.verb:set package 'urdfsub' build argument 'cmake_clean_cache' from command line to 'False'
[9.574s] Level 5:colcon.colcon_core.verb:set package 'urdfsub' build argument 'cmake_clean_first' from command line to 'False'
[9.574s] Level 5:colcon.colcon_core.verb:set package 'urdfsub' build argument 'cmake_force_configure' from command line to 'False'
[9.574s] Level 5:colcon.colcon_core.verb:set package 'urdfsub' build argument 'ament_cmake_args' from command line to 'None'
[9.574s] Level 5:colcon.colcon_core.verb:set package 'urdfsub' build argument 'catkin_cmake_args' from command line to 'None'
[9.574s] Level 5:colcon.colcon_core.verb:set package 'urdfsub' build argument 'catkin_skip_building_tests' from command line to 'False'
[9.574s] DEBUG:colcon.colcon_core.verb:Building package 'urdfsub' with the following arguments: {'ament_cmake_args': None, 'build_base': '/root/dev_ws3/src/urdfsub/build/urdfsub', 'catkin_cmake_args': None, 'catkin_skip_building_tests': False, 'cmake_args': None, 'cmake_clean_cache': False, 'cmake_clean_first': False, 'cmake_force_configure': False, 'cmake_target': None, 'cmake_target_skip_unavailable': False, 'install_base': '/root/dev_ws3/src/urdfsub/install/urdfsub', 'merge_install': False, 'path': '/root/dev_ws3/src/urdfsub', 'symlink_install': True, 'test_result_base': None}
[9.654s] INFO:colcon.colcon_core.executor:Executing jobs using 'parallel' executor
[9.733s] DEBUG:colcon.colcon_parallel_executor.executor.parallel:run_until_complete
[9.733s] INFO:colcon.colcon_ros.task.ament_cmake.build:Building ROS package in '/root/dev_ws3/src/urdfsub' with build type 'ament_cmake'
[9.733s] INFO:colcon.colcon_cmake.task.cmake.build:Building CMake package in '/root/dev_ws3/src/urdfsub'
[9.821s] INFO:colcon.colcon_core.plugin_system:Skipping extension 'colcon_core.shell.bat': Not used on non-Windows systems
[9.821s] INFO:colcon.colcon_core.shell:Skip shell extension 'powershell' for command environment: Not usable outside of PowerShell
[9.821s] DEBUG:colcon.colcon_core.shell:Skip shell extension 'dsv' for command environment
[10.157s] DEBUG:colcon.colcon_core.event_handler.log_command:Invoking command in '/root/dev_ws3/src/urdfsub/build/urdfsub': CMAKE_PREFIX_PATH=${CMAKE_PREFIX_PATH}:/opt/ros/foxy /usr/bin/cmake --build /root/dev_ws3/src/urdfsub/build/urdfsub -- -j12 -l12
[10.194s] DEBUG:colcon.colcon_core.event_handler.log_command:Invoked command in '/root/dev_ws3/src/urdfsub/build/urdfsub' returned '0': CMAKE_PREFIX_PATH=${CMAKE_PREFIX_PATH}:/opt/ros/foxy /usr/bin/cmake --build /root/dev_ws3/src/urdfsub/build/urdfsub -- -j12 -l12
[10.223s] DEBUG:colcon.colcon_core.event_handler.log_command:Invoking command in '/root/dev_ws3/src/urdfsub/build/urdfsub': CMAKE_PREFIX_PATH=${CMAKE_PREFIX_PATH}:/opt/ros/foxy /usr/bin/cmake --install /root/dev_ws3/src/urdfsub/build/urdfsub
[10.244s] Level 1:colcon.colcon_core.environment:create_environment_scripts_only(urdfsub)
[10.245s] DEBUG:colcon.colcon_core.event_handler.log_command:Invoked command in '/root/dev_ws3/src/urdfsub/build/urdfsub' returned '0': CMAKE_PREFIX_PATH=${CMAKE_PREFIX_PATH}:/opt/ros/foxy /usr/bin/cmake --install /root/dev_ws3/src/urdfsub/build/urdfsub
[10.332s] Level 1:colcon.colcon_core.environment:checking '/root/dev_ws3/src/urdfsub/install/urdfsub' for CMake module files
[10.333s] Level 1:colcon.colcon_core.environment:checking '/root/dev_ws3/src/urdfsub/install/urdfsub' for CMake config files
[10.333s] Level 1:colcon.colcon_core.shell:create_environment_hook('urdfsub', 'cmake_prefix_path')
[10.416s] INFO:colcon.colcon_core.shell:Creating environment hook '/root/dev_ws3/src/urdfsub/install/urdfsub/share/urdfsub/hook/cmake_prefix_path.ps1'
[10.417s] INFO:colcon.colcon_core.shell:Creating environment descriptor '/root/dev_ws3/src/urdfsub/install/urdfsub/share/urdfsub/hook/cmake_prefix_path.dsv'
[10.418s] INFO:colcon.colcon_core.shell:Creating environment hook '/root/dev_ws3/src/urdfsub/install/urdfsub/share/urdfsub/hook/cmake_prefix_path.sh'
[10.419s] Level 1:colcon.colcon_core.environment:checking '/root/dev_ws3/src/urdfsub/install/urdfsub/bin'
[10.419s] Level 1:colcon.colcon_core.environment:checking '/root/dev_ws3/src/urdfsub/install/urdfsub/lib/pkgconfig/urdfsub.pc'
[10.419s] Level 1:colcon.colcon_core.environment:checking '/root/dev_ws3/src/urdfsub/install/urdfsub/lib/python3.8/site-packages'
[10.419s] Level 1:colcon.colcon_core.environment:checking '/root/dev_ws3/src/urdfsub/install/urdfsub/bin'
[10.511s] INFO:colcon.colcon_core.shell:Creating package script '/root/dev_ws3/src/urdfsub/install/urdfsub/share/urdfsub/package.ps1'
[10.513s] INFO:colcon.colcon_core.shell:Creating package descriptor '/root/dev_ws3/src/urdfsub/install/urdfsub/share/urdfsub/package.dsv'
[10.514s] INFO:colcon.colcon_core.shell:Creating package script '/root/dev_ws3/src/urdfsub/install/urdfsub/share/urdfsub/package.sh'
[10.515s] INFO:colcon.colcon_core.shell:Creating package script '/root/dev_ws3/src/urdfsub/install/urdfsub/share/urdfsub/package.bash'
[10.516s] INFO:colcon.colcon_core.shell:Creating package script '/root/dev_ws3/src/urdfsub/install/urdfsub/share/urdfsub/package.zsh'
[10.517s] Level 1:colcon.colcon_core.environment:create_file_with_runtime_dependencies(/root/dev_ws3/src/urdfsub/install/urdfsub/share/colcon-core/packages/urdfsub)
[10.637s] Level 1:colcon.colcon_core.environment:create_environment_scripts_only(urdfsub)
[10.720s] Level 1:colcon.colcon_core.environment:checking '/root/dev_ws3/src/urdfsub/install/urdfsub' for CMake module files
[10.720s] Level 1:colcon.colcon_core.environment:checking '/root/dev_ws3/src/urdfsub/install/urdfsub' for CMake config files
[10.721s] Level 1:colcon.colcon_core.shell:create_environment_hook('urdfsub', 'cmake_prefix_path')
[10.798s] INFO:colcon.colcon_core.shell:Creating environment hook '/root/dev_ws3/src/urdfsub/install/urdfsub/share/urdfsub/hook/cmake_prefix_path.ps1'
[10.798s] INFO:colcon.colcon_core.shell:Creating environment descriptor '/root/dev_ws3/src/urdfsub/install/urdfsub/share/urdfsub/hook/cmake_prefix_path.dsv'
[10.799s] INFO:colcon.colcon_core.shell:Creating environment hook '/root/dev_ws3/src/urdfsub/install/urdfsub/share/urdfsub/hook/cmake_prefix_path.sh'
[10.799s] Level 1:colcon.colcon_core.environment:checking '/root/dev_ws3/src/urdfsub/install/urdfsub/bin'
[10.800s] Level 1:colcon.colcon_core.environment:checking '/root/dev_ws3/src/urdfsub/install/urdfsub/lib/pkgconfig/urdfsub.pc'
[10.800s] Level 1:colcon.colcon_core.environment:checking '/root/dev_ws3/src/urdfsub/install/urdfsub/lib/python3.8/site-packages'
[10.800s] Level 1:colcon.colcon_core.environment:checking '/root/dev_ws3/src/urdfsub/install/urdfsub/bin'
[10.890s] INFO:colcon.colcon_core.shell:Creating package script '/root/dev_ws3/src/urdfsub/install/urdfsub/share/urdfsub/package.ps1'
[10.891s] INFO:colcon.colcon_core.shell:Creating package descriptor '/root/dev_ws3/src/urdfsub/install/urdfsub/share/urdfsub/package.dsv'
[10.892s] INFO:colcon.colcon_core.shell:Creating package script '/root/dev_ws3/src/urdfsub/install/urdfsub/share/urdfsub/package.sh'
[10.893s] INFO:colcon.colcon_core.shell:Creating package script '/root/dev_ws3/src/urdfsub/install/urdfsub/share/urdfsub/package.bash'
[10.893s] INFO:colcon.colcon_core.shell:Creating package script '/root/dev_ws3/src/urdfsub/install/urdfsub/share/urdfsub/package.zsh'
[10.894s] Level 1:colcon.colcon_core.environment:create_file_with_runtime_dependencies(/root/dev_ws3/src/urdfsub/install/urdfsub/share/colcon-core/packages/urdfsub)
[10.894s] DEBUG:colcon.colcon_parallel_executor.executor.parallel:closing loop
[10.895s] DEBUG:colcon.colcon_parallel_executor.executor.parallel:loop closed
[10.896s] DEBUG:colcon.colcon_parallel_executor.executor.parallel:run_until_complete finished with '0'
[10.896s] DEBUG:colcon.colcon_core.event_reactor:joining thread
[10.990s] INFO:colcon.colcon_core.plugin_system:Skipping extension 'colcon_notification.desktop_notification.terminal_notifier': Not used on non-Darwin systems
[10.990s] INFO:colcon.colcon_core.plugin_system:Skipping extension 'colcon_notification.desktop_notification.win32': Not used on non-Windows systems
[10.990s] INFO:colcon.colcon_notification.desktop_notification:Sending desktop notification using 'notify2'
[11.020s] DEBUG:colcon.colcon_core.event_reactor:joined thread
[11.118s] INFO:colcon.colcon_core.shell:Creating prefix script '/root/dev_ws3/src/urdfsub/install/local_setup.ps1'
[11.119s] INFO:colcon.colcon_core.shell:Creating prefix util module '/root/dev_ws3/src/urdfsub/install/_local_setup_util_ps1.py'
[11.120s] INFO:colcon.colcon_core.shell:Creating prefix chain script '/root/dev_ws3/src/urdfsub/install/setup.ps1'
[11.198s] INFO:colcon.colcon_core.shell:Creating prefix script '/root/dev_ws3/src/urdfsub/install/local_setup.sh'
[11.198s] INFO:colcon.colcon_core.shell:Creating prefix util module '/root/dev_ws3/src/urdfsub/install/_local_setup_util_sh.py'
[11.199s] INFO:colcon.colcon_core.shell:Creating prefix chain script '/root/dev_ws3/src/urdfsub/install/setup.sh'
[11.279s] INFO:colcon.colcon_core.shell:Creating prefix script '/root/dev_ws3/src/urdfsub/install/local_setup.bash'
[11.280s] INFO:colcon.colcon_core.shell:Creating prefix chain script '/root/dev_ws3/src/urdfsub/install/setup.bash'
[11.377s] INFO:colcon.colcon_core.shell:Creating prefix script '/root/dev_ws3/src/urdfsub/install/local_setup.zsh'
[11.378s] INFO:colcon.colcon_core.shell:Creating prefix chain script '/root/dev_ws3/src/urdfsub/install/setup.zsh'
